12/19/2015 12:26:08 True
12/19/2015 12:26:08 App start working.
12/19/2015 12:26:08 Start logic
12/19/2015 12:26:18 End logic
12/19/2015 12:27:33 True
12/19/2015 12:27:33 App start working.
12/19/2015 12:27:33 Start logic
12/19/2015 12:27:34 End logic
12/19/2015 12:35:01 True
12/19/2015 12:35:01 App start working.
12/19/2015 12:35:01 Start logic
12/19/2015 12:35:02 End logic
12/19/2015 12:36:01 True
12/19/2015 12:36:01 App start working.
12/19/2015 12:36:01 Start logic
12/19/2015 12:36:02 End logic
12/19/2015 12:37:01 True
12/19/2015 12:37:01 App start working.
12/19/2015 12:37:01 Start logic
12/19/2015 12:37:02 End logic
12/19/2015 12:38:01 True
12/19/2015 12:38:01 App start working.
12/19/2015 12:38:01 Start logic
12/19/2015 12:38:02 End logic
12/19/2015 12:39:01 True
12/19/2015 12:39:01 App start working.
12/19/2015 12:39:01 Start logic
12/19/2015 12:39:02 End logic
12/19/2015 12:40:01 True
12/19/2015 12:40:01 App start working.
12/19/2015 12:40:01 Start logic
12/19/2015 12:40:02 End logic
12/19/2015 12:58:01 True
12/19/2015 12:58:01 App start working.
12/19/2015 12:58:01 Start logic
12/19/2015 12:58:02 End logic
12/19/2015 12:59:10 True
12/19/2015 12:59:10 App start working.
12/19/2015 12:59:10 Start logic
12/19/2015 12:59:11 End logic
12/19/2015 12:59:32 True
12/19/2015 12:59:32 App start working.
12/19/2015 12:59:32 Start logic
12/19/2015 12:59:33 End logic
12/30/2015 10:17:52 True
12/30/2015 10:17:52 App start working.
12/30/2015 10:17:52 Start logic
12/30/2015 10:17:53 End logic
12/30/2015 10:26:08 True
12/30/2015 10:26:08 App start working.
12/30/2015 10:26:08 Start logic
12/30/2015 10:26:09 End logic
12/30/2015 10:32:08 True
12/30/2015 10:32:08 App start working.
12/30/2015 10:32:08 Start logic
12/30/2015 10:32:09 End logic
12/30/2015 10:32:11 True
12/30/2015 10:32:11 App start working.
12/30/2015 10:32:11 Start logic
12/30/2015 10:32:12 True
12/30/2015 10:32:12 Another app can not start. Previous app is running.
12/30/2015 10:32:12 True
12/30/2015 10:32:12 Another app can not start. Previous app is running.
12/30/2015 10:32:12 End logic
